Build started 1/12/2015 6:41:10 PM.
     1>Project "\\fs\Преподаватели\Балакан\public\БПВ-1411\Примеры\9. Полиморфизм\10. Таблица виртуальных функций\Таблица виртуальных функций\Таблица виртуальных функций.vcxproj" on node 2 (Build target(s)).
     1>ClCompile:
         C:\Program Files (x86)\Microsoft Visual Studio 12.0\VC\bin\CL.exe /c /ZI /nologo /W4 /WX /sdl /Od /Oy- /D WIN32 /D _DEBUG /D _CONSOLE /D _LIB /D _UNICODE /D UNICODE /Gm /EHsc /RTC1 /MDd /GS /fp:precise /Zc:wchar_t /Zc:forScope /Fo"Debug\\" /Fd"Debug\vc120.pdb" /Gd /TP /analyze- /errorReport:prompt Base1.cpp Base2.cpp Base3.cpp Derived.cpp Main.cpp
         Main.cpp
         Derived.cpp
         Base3.cpp
         Base2.cpp
         Base1.cpp
         Generating Code...
       Link:
         C:\Program Files (x86)\Microsoft Visual Studio 12.0\VC\bin\link.exe /ERRORREPORT:PROMPT /OUT:"\\fs\Преподаватели\Балакан\public\БПВ-1411\Примеры\9. Полиморфизм\10. Таблица виртуальных функций\Debug\Таблица виртуальных функций.exe" /INCREMENTAL /NOLOGO kernel32.lib user32.lib gdi32.lib winspool.lib comdlg32.lib advapi32.lib shell32.lib ole32.lib oleaut32.lib uuid.lib odbc32.lib odbccp32.lib /MANIFEST /MANIFESTUAC:"level='asInvoker' uiAccess='false'" /manifest:embed /DEBUG /PDB:"\\fs\Преподаватели\Балакан\public\БПВ-1411\Примеры\9. Полиморфизм\10. Таблица виртуальных функций\Debug\Таблица виртуальных функций.pdb" /SUBSYSTEM:CONSOLE /TLBID:1 /DYNAMICBASE /NXCOMPAT /IMPLIB:"\\fs\Преподаватели\Балакан\public\БПВ-1411\Примеры\9. Полиморфизм\10. Таблица виртуальных функций\Debug\Таблица виртуальных функций.lib" /MACHINE:X86 Debug\Base1.obj
         Debug\Base2.obj
         Debug\Base3.obj
         Debug\Derived.obj
         Debug\Main.obj
         Таблица виртуальных функций.vcxproj -> \\fs\Преподаватели\Балакан\public\БПВ-1411\Примеры\9. Полиморфизм\10. Таблица виртуальных функций\Debug\Таблица виртуальных функций.exe
     1>C:\Program Files (x86)\MSBuild\Microsoft.Cpp\v4.0\V120\Microsoft.CppBuild.targets(314,5): error MSB3061: Unable to delete file "Debug\Таблица .3E2F6FD3.tlog\unsuccessfulbuild". Access to the path '\\fs\Преподаватели\Балакан\public\БПВ-1411\Примеры\9. Полиморфизм\10. Таблица виртуальных функций\Таблица виртуальных функций\Debug\Таблица .3E2F6FD3.tlog\unsuccessfulbuild' is denied.
     1>Done Building Project "\\fs\Преподаватели\Балакан\public\БПВ-1411\Примеры\9. Полиморфизм\10. Таблица виртуальных функций\Таблица виртуальных функций\Таблица виртуальных функций.vcxproj" (Build target(s)) -- FAILED.

Build FAILED.

Time Elapsed 00:00:09.13
